2012-01-05 01:35:20 Error: [PDOException] SQLSTATE[42S22]: Column not found: 1054 Unknown column 'Admin.id' in 'on clause'
#0 /var/www/ocforum.my/www/forum/lib/Cake/Model/Datasource/DboSource.php(436): PDOStatement->execute(Array)
#1 /var/www/ocforum.my/www/forum/lib/Cake/Model/Datasource/DboSource.php(403): DboSource->_execute('SELECT `Admin`....', Array)
#2 /var/www/ocforum.my/www/forum/lib/Cake/Model/Datasource/DboSource.php(647): DboSource->execute('SELECT `Admin`....', Array, Array)
#3 /var/www/ocforum.my/www/forum/lib/Cake/Model/Datasource/DboSource.php(1056): DboSource->fetchAll('SELECT `Admin`....', false)
#4 /var/www/ocforum.my/www/forum/lib/Cake/Model/Model.php(2515): DboSource->read(Object(Admin), Array)
#5 /var/www/ocforum.my/www/forum/app/Plugin/Users/Controller/Component/MembersComponent.php(26): Model->find('first', Array)
#6 /var/www/ocforum.my/www/forum/app/Plugin/Users/Controller/Component/MembersComponent.php(44): MembersComponent->getUserById('1')
#7 /var/www/ocforum.my/www/forum/app/Plugin/Discussions/Controller/DiscussionsController.php(17): MembersComponent->getViewer()
#8 [internal function]: DiscussionsController->create()
#9 /var/www/ocforum.my/www/forum/lib/Cake/Controller/Controller.php(473): ReflectionMethod->invokeArgs(Object(DiscussionsController), Array)
#10 /var/www/ocforum.my/www/forum/lib/Cake/Routing/Dispatcher.php(104): Controller->invokeAction(Object(CakeRequest))
#11 /var/www/ocforum.my/www/forum/lib/Cake/Routing/Dispatcher.php(86): Dispatcher->_invoke(Object(DiscussionsController), Object(CakeRequest), Object(CakeResponse))
#12 /var/www/ocforum.my/www/forum/app/webroot/index.php(96): Dispatcher->dispatch(Object(CakeRequest), Object(CakeResponse))
#13 {main}
2012-01-06 00:45:26 Error: [MissingControllerException] Controller class CreateController could not be found.
#0 /var/www/ocforum.my/www/forum/app/webroot/index.php(96): Dispatcher->dispatch(Object(CakeRequest), Object(CakeResponse))
#1 {main}
2012-01-06 00:45:58 Error: [MissingControllerException] Controller class CreateController could not be found.
#0 /var/www/ocforum.my/www/forum/app/webroot/index.php(96): Dispatcher->dispatch(Object(CakeRequest), Object(CakeResponse))
#1 {main}
2012-01-06 00:57:57 Error: [MissingViewException] View file "/var/www/ocforum.my/www/forum/app/Plugin/Users/View/Users/login.ctp" is missing.
#0 /var/www/ocforum.my/www/forum/lib/Cake/View/View.php(360): View->_getViewFileName(NULL)
#1 /var/www/ocforum.my/www/forum/lib/Cake/Controller/Controller.php(900): View->render(NULL, NULL)
#2 /var/www/ocforum.my/www/forum/lib/Cake/Routing/Dispatcher.php(111): Controller->render()
#3 /var/www/ocforum.my/www/forum/lib/Cake/Routing/Dispatcher.php(86): Dispatcher->_invoke(Object(UsersController), Object(CakeRequest), Object(CakeResponse))
#4 /var/www/ocforum.my/www/forum/app/webroot/index.php(96): Dispatcher->dispatch(Object(CakeRequest), Object(CakeResponse))
#5 {main}
2012-01-06 00:58:43 Error: [MissingControllerException] Controller class CreateController could not be found.
#0 /var/www/ocforum.my/www/forum/app/webroot/index.php(96): Dispatcher->dispatch(Object(CakeRequest), Object(CakeResponse))
#1 {main}
2012-01-06 00:59:50 Error: [MissingControllerException] Controller class CreateController could not be found.
#0 /var/www/ocforum.my/www/forum/app/webroot/index.php(96): Dispatcher->dispatch(Object(CakeRequest), Object(CakeResponse))
#1 {main}
2012-01-06 01:16:20 Error: [MissingViewException] View file "/var/www/ocforum.my/www/forum/app/Plugin/Discussions/View/Discussions/index.ctp" is missing.
#0 /var/www/ocforum.my/www/forum/lib/Cake/View/View.php(360): View->_getViewFileName(NULL)
#1 /var/www/ocforum.my/www/forum/lib/Cake/Controller/Controller.php(900): View->render(NULL, NULL)
#2 /var/www/ocforum.my/www/forum/lib/Cake/Routing/Dispatcher.php(111): Controller->render()
#3 /var/www/ocforum.my/www/forum/lib/Cake/Routing/Dispatcher.php(86): Dispatcher->_invoke(Object(DiscussionsController), Object(CakeRequest), Object(CakeResponse))
#4 /var/www/ocforum.my/www/forum/app/webroot/index.php(96): Dispatcher->dispatch(Object(CakeRequest), Object(CakeResponse))
#5 {main}
2012-01-06 01:18:18 Error: [MissingControllerException] Controller class CrateController could not be found.
#0 /var/www/ocforum.my/www/forum/app/webroot/index.php(96): Dispatcher->dispatch(Object(CakeRequest), Object(CakeResponse))
#1 {main}
2012-01-07 02:29:52 Error: [MissingActionException] Action DiscussionsController::edit() could not be found.
#0 /var/www/ocforum.my/www/forum/lib/Cake/Routing/Dispatcher.php(104): Controller->invokeAction(Object(CakeRequest))
#1 /var/www/ocforum.my/www/forum/lib/Cake/Routing/Dispatcher.php(86): Dispatcher->_invoke(Object(DiscussionsController), Object(CakeRequest), Object(CakeResponse))
#2 /var/www/ocforum.my/www/forum/app/webroot/index.php(96): Dispatcher->dispatch(Object(CakeRequest), Object(CakeResponse))
#3 {main}
2012-01-07 15:01:33 Error: [PDOException] SQLSTATE[23000]: Integrity constraint violation: 1062 Duplicate entry '0' for key 'PRIMARY'
#0 /var/www/ocforum.my/www/forum/lib/Cake/Model/Datasource/DboSource.php(436): PDOStatement->execute(Array)
#1 /var/www/ocforum.my/www/forum/lib/Cake/Model/Datasource/DboSource.php(403): DboSource->_execute('INSERT INTO `oc...', Array)
#2 /var/www/ocforum.my/www/forum/lib/Cake/Model/Datasource/DboSource.php(983): DboSource->execute('INSERT INTO `oc...')
#3 /var/www/ocforum.my/www/forum/lib/Cake/Model/Model.php(1650): DboSource->create(Object(Discussion), Array, Array)
#4 /var/www/ocforum.my/www/forum/app/Plugin/Discussions/Controller/DiscussionsController.php(21): Model->save(Array)
#5 [internal function]: DiscussionsController->create()
#6 /var/www/ocforum.my/www/forum/lib/Cake/Controller/Controller.php(473): ReflectionMethod->invokeArgs(Object(DiscussionsController), Array)
#7 /var/www/ocforum.my/www/forum/lib/Cake/Routing/Dispatcher.php(104): Controller->invokeAction(Object(CakeRequest))
#8 /var/www/ocforum.my/www/forum/lib/Cake/Routing/Dispatcher.php(86): Dispatcher->_invoke(Object(DiscussionsController), Object(CakeRequest), Object(CakeResponse))
#9 /var/www/ocforum.my/www/forum/app/webroot/index.php(96): Dispatcher->dispatch(Object(CakeRequest), Object(CakeResponse))
#10 {main}
2012-01-07 15:27:44 Error: [MissingHelperException] Helper class DiscussionHelper could not be found.
#0 /var/www/ocforum.my/www/forum/lib/Cake/View/View.php(574): HelperCollection->load('Discussion', Array)
#1 /var/www/ocforum.my/www/forum/lib/Cake/View/View.php(356): View->loadHelpers()
#2 /var/www/ocforum.my/www/forum/lib/Cake/Controller/Controller.php(900): View->render(NULL, NULL)
#3 /var/www/ocforum.my/www/forum/lib/Cake/Routing/Dispatcher.php(111): Controller->render()
#4 /var/www/ocforum.my/www/forum/lib/Cake/Routing/Dispatcher.php(86): Dispatcher->_invoke(Object(DiscussionsController), Object(CakeRequest), Object(CakeResponse))
#5 /var/www/ocforum.my/www/forum/app/webroot/index.php(96): Dispatcher->dispatch(Object(CakeRequest), Object(CakeResponse))
#6 {main}
2012-01-07 15:28:29 Error: [MissingHelperException] Helper class DiscussionHelper could not be found.
#0 /var/www/ocforum.my/www/forum/lib/Cake/View/View.php(574): HelperCollection->load('Discussion', Array)
#1 /var/www/ocforum.my/www/forum/lib/Cake/View/View.php(356): View->loadHelpers()
#2 /var/www/ocforum.my/www/forum/lib/Cake/Controller/Controller.php(900): View->render(NULL, NULL)
#3 /var/www/ocforum.my/www/forum/lib/Cake/Routing/Dispatcher.php(111): Controller->render()
#4 /var/www/ocforum.my/www/forum/lib/Cake/Routing/Dispatcher.php(86): Dispatcher->_invoke(Object(DiscussionsController), Object(CakeRequest), Object(CakeResponse))
#5 /var/www/ocforum.my/www/forum/app/webroot/index.php(96): Dispatcher->dispatch(Object(CakeRequest), Object(CakeResponse))
#6 {main}
2012-01-07 15:47:29 Error: [MissingComponentException] Component class DiscussionComponent could not be found.
#0 /var/www/ocforum.my/www/forum/lib/Cake/Controller/ComponentCollection.php(51): ComponentCollection->load('Discussions.Dis...', Array)
#1 /var/www/ocforum.my/www/forum/lib/Cake/Controller/Controller.php(585): ComponentCollection->init(Object(DiscussionsController))
#2 /var/www/ocforum.my/www/forum/lib/Cake/Routing/Dispatcher.php(100): Controller->constructClasses()
#3 /var/www/ocforum.my/www/forum/lib/Cake/Routing/Dispatcher.php(86): Dispatcher->_invoke(Object(DiscussionsController), Object(CakeRequest), Object(CakeResponse))
#4 /var/www/ocforum.my/www/forum/app/webroot/index.php(96): Dispatcher->dispatch(Object(CakeRequest), Object(CakeResponse))
#5 {main}
2012-01-07 16:07:45 Error: [MissingPluginException] Plugin Category could not be found.
#0 /var/www/ocforum.my/www/forum/lib/Cake/Core/App.php(357): CakePlugin::path('Category')
#1 /var/www/ocforum.my/www/forum/lib/Cake/Core/App.php(224): App::pluginPath('Category')
#2 /var/www/ocforum.my/www/forum/lib/Cake/Core/App.php(535): App::path('Model', 'Category')
#3 [internal function]: App::load('Categories')
#4 [internal function]: spl_autoload_call('Categories')
#5 /var/www/ocforum.my/www/forum/lib/Cake/Utility/ClassRegistry.php(142): class_exists('Categories')
#6 /var/www/ocforum.my/www/forum/lib/Cake/Controller/Controller.php(670): ClassRegistry::init(Array)
#7 /var/www/ocforum.my/www/forum/app/Plugin/Categories/Controller/Component/CategoriesComponent.php(8): Controller->loadModel('Category.Catego...')
#8 [internal function]: CategoriesComponent->initialize(Object(DiscussionsController))
#9 /var/www/ocforum.my/www/forum/lib/Cake/Utility/ObjectCollection.php(111): call_user_func_array(Array, Array)
#10 /var/www/ocforum.my/www/forum/lib/Cake/Controller/Controller.php(604): ObjectCollection->trigger('initialize', Array)
#11 /var/www/ocforum.my/www/forum/lib/Cake/Routing/Dispatcher.php(101): Controller->startupProcess()
#12 /var/www/ocforum.my/www/forum/lib/Cake/Routing/Dispatcher.php(86): Dispatcher->_invoke(Object(DiscussionsController), Object(CakeRequest), Object(CakeResponse))
#13 /var/www/ocforum.my/www/forum/app/webroot/index.php(96): Dispatcher->dispatch(Object(CakeRequest), Object(CakeResponse))
#14 {main}
2012-01-07 16:08:11 Error: [NotFoundException] Category project
#0 /var/www/ocforum.my/www/forum/app/View/Themed/Default/Discussions/index.ctp(24): CategoriesComponent->categoryName(NULL)
#1 /var/www/ocforum.my/www/forum/lib/Cake/View/View.php(595): include('/var/www/ocforu...')
#2 /var/www/ocforum.my/www/forum/lib/Cake/View/View.php(362): View->_render('/var/www/ocforu...')
#3 /var/www/ocforum.my/www/forum/lib/Cake/Controller/Controller.php(900): View->render(NULL, NULL)
#4 /var/www/ocforum.my/www/forum/lib/Cake/Routing/Dispatcher.php(111): Controller->render()
#5 /var/www/ocforum.my/www/forum/lib/Cake/Routing/Dispatcher.php(86): Dispatcher->_invoke(Object(DiscussionsController), Object(CakeRequest), Object(CakeResponse))
#6 /var/www/ocforum.my/www/forum/app/webroot/index.php(96): Dispatcher->dispatch(Object(CakeRequest), Object(CakeResponse))
#7 {main}
2012-01-07 16:29:50 Error: [MissingBehaviorException] Behavior class TimeformatBehavior could not be found.
#0 /var/www/ocforum.my/www/forum/lib/Cake/Model/BehaviorCollection.php(67): BehaviorCollection->load('Timeformat', Array)
#1 /var/www/ocforum.my/www/forum/lib/Cake/Model/Model.php(715): BehaviorCollection->init('Discussion', Array)
#2 [internal function]: Model->__construct(Array)
#3 /var/www/ocforum.my/www/forum/lib/Cake/Utility/ClassRegistry.php(161): ReflectionClass->newInstance(Array)
#4 /var/www/ocforum.my/www/forum/lib/Cake/Controller/Controller.php(670): ClassRegistry::init(Array)
#5 /var/www/ocforum.my/www/forum/app/Plugin/Discussions/Controller/Component/DiscussionsComponent.php(8): Controller->loadModel('Discussions.Dis...')
#6 [internal function]: DiscussionsComponent->initialize(Object(DiscussionsController))
#7 /var/www/ocforum.my/www/forum/lib/Cake/Utility/ObjectCollection.php(111): call_user_func_array(Array, Array)
#8 /var/www/ocforum.my/www/forum/lib/Cake/Controller/Controller.php(604): ObjectCollection->trigger('initialize', Array)
#9 /var/www/ocforum.my/www/forum/lib/Cake/Routing/Dispatcher.php(101): Controller->startupProcess()
#10 /var/www/ocforum.my/www/forum/lib/Cake/Routing/Dispatcher.php(86): Dispatcher->_invoke(Object(DiscussionsController), Object(CakeRequest), Object(CakeResponse))
#11 /var/www/ocforum.my/www/forum/app/webroot/index.php(96): Dispatcher->dispatch(Object(CakeRequest), Object(CakeResponse))
#12 {main}
2012-01-07 16:53:10 Error: [MissingControllerException] Controller class ProjectsController could not be found.
#0 /var/www/ocforum.my/www/forum/app/webroot/index.php(96): Dispatcher->dispatch(Object(CakeRequest), Object(CakeResponse))
#1 {main}
2012-01-07 16:53:17 Error: [MissingControllerException] Controller class Category:0Controller could not be found.
#0 /var/www/ocforum.my/www/forum/app/webroot/index.php(96): Dispatcher->dispatch(Object(CakeRequest), Object(CakeResponse))
#1 {main}
2012-01-07 17:46:36 Error: [MissingActionException] Action DiscussionsController::add() could not be found.
#0 /var/www/ocforum.my/www/forum/lib/Cake/Routing/Dispatcher.php(104): Controller->invokeAction(Object(CakeRequest))
#1 /var/www/ocforum.my/www/forum/lib/Cake/Routing/Dispatcher.php(86): Dispatcher->_invoke(Object(DiscussionsController), Object(CakeRequest), Object(CakeResponse))
#2 /var/www/ocforum.my/www/forum/app/webroot/index.php(96): Dispatcher->dispatch(Object(CakeRequest), Object(CakeResponse))
#3 {main}
2012-01-07 17:47:01 Error: [MissingActionException] Action DiscussionsController::add() could not be found.
#0 /var/www/ocforum.my/www/forum/lib/Cake/Routing/Dispatcher.php(104): Controller->invokeAction(Object(CakeRequest))
#1 /var/www/ocforum.my/www/forum/lib/Cake/Routing/Dispatcher.php(86): Dispatcher->_invoke(Object(DiscussionsController), Object(CakeRequest), Object(CakeResponse))
#2 /var/www/ocforum.my/www/forum/app/webroot/index.php(96): Dispatcher->dispatch(Object(CakeRequest), Object(CakeResponse))
#3 {main}
2012-01-08 21:36:18 Error: [MissingHelperException] Helper class jQueryEngineHelper could not be found.
#0 /var/www/ocforum.my/www/forum/lib/Cake/View/View.php(609): HelperCollection->load('jQueryEngine', Array)
#1 /var/www/ocforum.my/www/forum/lib/Cake/View/Helper.php(172): View->loadHelper('jQueryEngine', Array)
#2 /var/www/ocforum.my/www/forum/lib/Cake/View/Helper/JsHelper.php(122): Helper->__get('jQueryEngine')
#3 /var/www/ocforum.my/www/forum/app/View/Themed/Default/Elements/comment_form.ctp(23): JsHelper->__call('get', Array)
#4 /var/www/ocforum.my/www/forum/app/View/Themed/Default/Elements/comment_form.ctp(23): JsHelper->get('#add-comment')
#5 /var/www/ocforum.my/www/forum/lib/Cake/View/View.php(595): include('/var/www/ocforu...')
#6 /var/www/ocforum.my/www/forum/lib/Cake/View/View.php(317): View->_render('/var/www/ocforu...', Array)
#7 /var/www/ocforum.my/www/forum/app/View/Themed/Default/Elements/comments.ctp(10): View->element('comment_form')
#8 /var/www/ocforum.my/www/forum/lib/Cake/View/View.php(595): include('/var/www/ocforu...')
#9 /var/www/ocforum.my/www/forum/lib/Cake/View/View.php(317): View->_render('/var/www/ocforu...', Array)
#10 /var/www/ocforum.my/www/forum/app/View/Themed/Default/Discussions/view.ctp(13): View->element('comments', Array)
#11 /var/www/ocforum.my/www/forum/lib/Cake/View/View.php(595): include('/var/www/ocforu...')
#12 /var/www/ocforum.my/www/forum/lib/Cake/View/View.php(362): View->_render('/var/www/ocforu...')
#13 /var/www/ocforum.my/www/forum/lib/Cake/Controller/Controller.php(900): View->render(NULL, NULL)
#14 /var/www/ocforum.my/www/forum/lib/Cake/Routing/Dispatcher.php(111): Controller->render()
#15 /var/www/ocforum.my/www/forum/lib/Cake/Routing/Dispatcher.php(86): Dispatcher->_invoke(Object(DiscussionsController), Object(CakeRequest), Object(CakeResponse))
#16 /var/www/ocforum.my/www/forum/app/webroot/index.php(96): Dispatcher->dispatch(Object(CakeRequest), Object(CakeResponse))
#17 {main}
2012-01-08 21:36:24 Error: [MissingHelperException] Helper class jQueryEngineHelper could not be found.
#0 /var/www/ocforum.my/www/forum/lib/Cake/View/View.php(609): HelperCollection->load('jQueryEngine', Array)
#1 /var/www/ocforum.my/www/forum/lib/Cake/View/Helper.php(172): View->loadHelper('jQueryEngine', Array)
#2 /var/www/ocforum.my/www/forum/lib/Cake/View/Helper/JsHelper.php(122): Helper->__get('jQueryEngine')
#3 /var/www/ocforum.my/www/forum/app/View/Themed/Default/Elements/comment_form.ctp(23): JsHelper->__call('get', Array)
#4 /var/www/ocforum.my/www/forum/app/View/Themed/Default/Elements/comment_form.ctp(23): JsHelper->get('#add-comment')
#5 /var/www/ocforum.my/www/forum/lib/Cake/View/View.php(595): include('/var/www/ocforu...')
#6 /var/www/ocforum.my/www/forum/lib/Cake/View/View.php(317): View->_render('/var/www/ocforu...', Array)
#7 /var/www/ocforum.my/www/forum/app/View/Themed/Default/Elements/comments.ctp(10): View->element('comment_form')
#8 /var/www/ocforum.my/www/forum/lib/Cake/View/View.php(595): include('/var/www/ocforu...')
#9 /var/www/ocforum.my/www/forum/lib/Cake/View/View.php(317): View->_render('/var/www/ocforu...', Array)
#10 /var/www/ocforum.my/www/forum/app/View/Themed/Default/Discussions/view.ctp(13): View->element('comments', Array)
#11 /var/www/ocforum.my/www/forum/lib/Cake/View/View.php(595): include('/var/www/ocforu...')
#12 /var/www/ocforum.my/www/forum/lib/Cake/View/View.php(362): View->_render('/var/www/ocforu...')
#13 /var/www/ocforum.my/www/forum/lib/Cake/Controller/Controller.php(900): View->render(NULL, NULL)
#14 /var/www/ocforum.my/www/forum/lib/Cake/Routing/Dispatcher.php(111): Controller->render()
#15 /var/www/ocforum.my/www/forum/lib/Cake/Routing/Dispatcher.php(86): Dispatcher->_invoke(Object(DiscussionsController), Object(CakeRequest), Object(CakeResponse))
#16 /var/www/ocforum.my/www/forum/app/webroot/index.php(96): Dispatcher->dispatch(Object(CakeRequest), Object(CakeResponse))
#17 {main}
2012-01-08 21:55:44 Error: [NotFoundException] Invalid Discussion
#0 [internal function]: DiscussionsController->view()
#1 /var/www/ocforum.my/www/forum/lib/Cake/Controller/Controller.php(473): ReflectionMethod->invokeArgs(Object(DiscussionsController), Array)
#2 /var/www/ocforum.my/www/forum/lib/Cake/Routing/Dispatcher.php(104): Controller->invokeAction(Object(CakeRequest))
#3 /var/www/ocforum.my/www/forum/lib/Cake/Routing/Dispatcher.php(86): Dispatcher->_invoke(Object(DiscussionsController), Object(CakeRequest), Object(CakeResponse))
#4 /var/www/ocforum.my/www/forum/app/webroot/index.php(96): Dispatcher->dispatch(Object(CakeRequest), Object(CakeResponse))
#5 {main}
2012-01-08 21:55:56 Error: [NotFoundException] Invalid Discussion
#0 [internal function]: DiscussionsController->view()
#1 /var/www/ocforum.my/www/forum/lib/Cake/Controller/Controller.php(473): ReflectionMethod->invokeArgs(Object(DiscussionsController), Array)
#2 /var/www/ocforum.my/www/forum/lib/Cake/Routing/Dispatcher.php(104): Controller->invokeAction(Object(CakeRequest))
#3 /var/www/ocforum.my/www/forum/lib/Cake/Routing/Dispatcher.php(86): Dispatcher->_invoke(Object(DiscussionsController), Object(CakeRequest), Object(CakeResponse))
#4 /var/www/ocforum.my/www/forum/app/webroot/index.php(96): Dispatcher->dispatch(Object(CakeRequest), Object(CakeResponse))
#5 {main}
2012-01-08 22:03:29 Error: [NotFoundException] Invalid Discussion
#0 [internal function]: DiscussionsController->view()
#1 /var/www/ocforum.my/www/forum/lib/Cake/Controller/Controller.php(473): ReflectionMethod->invokeArgs(Object(DiscussionsController), Array)
#2 /var/www/ocforum.my/www/forum/lib/Cake/Routing/Dispatcher.php(104): Controller->invokeAction(Object(CakeRequest))
#3 /var/www/ocforum.my/www/forum/lib/Cake/Routing/Dispatcher.php(86): Dispatcher->_invoke(Object(DiscussionsController), Object(CakeRequest), Object(CakeResponse))
#4 /var/www/ocforum.my/www/forum/app/webroot/index.php(96): Dispatcher->dispatch(Object(CakeRequest), Object(CakeResponse))
#5 {main}
2012-01-08 22:05:25 Error: [NotFoundException] Invalid Discussion
#0 [internal function]: DiscussionsController->view()
#1 /var/www/ocforum.my/www/forum/lib/Cake/Controller/Controller.php(473): ReflectionMethod->invokeArgs(Object(DiscussionsController), Array)
#2 /var/www/ocforum.my/www/forum/lib/Cake/Routing/Dispatcher.php(104): Controller->invokeAction(Object(CakeRequest))
#3 /var/www/ocforum.my/www/forum/lib/Cake/Routing/Dispatcher.php(86): Dispatcher->_invoke(Object(DiscussionsController), Object(CakeRequest), Object(CakeResponse))
#4 /var/www/ocforum.my/www/forum/app/webroot/index.php(96): Dispatcher->dispatch(Object(CakeRequest), Object(CakeResponse))
#5 {main}
2012-01-08 22:05:37 Error: [NotFoundException] Invalid Discussion
#0 [internal function]: DiscussionsController->view()
#1 /var/www/ocforum.my/www/forum/lib/Cake/Controller/Controller.php(473): ReflectionMethod->invokeArgs(Object(DiscussionsController), Array)
#2 /var/www/ocforum.my/www/forum/lib/Cake/Routing/Dispatcher.php(104): Controller->invokeAction(Object(CakeRequest))
#3 /var/www/ocforum.my/www/forum/lib/Cake/Routing/Dispatcher.php(86): Dispatcher->_invoke(Object(DiscussionsController), Object(CakeRequest), Object(CakeResponse))
#4 /var/www/ocforum.my/www/forum/app/webroot/index.php(96): Dispatcher->dispatch(Object(CakeRequest), Object(CakeResponse))
#5 {main}
2012-01-08 22:06:26 Error: [NotFoundException] Invalid Discussion
#0 [internal function]: DiscussionsController->view()
#1 /var/www/ocforum.my/www/forum/lib/Cake/Controller/Controller.php(473): ReflectionMethod->invokeArgs(Object(DiscussionsController), Array)
#2 /var/www/ocforum.my/www/forum/lib/Cake/Routing/Dispatcher.php(104): Controller->invokeAction(Object(CakeRequest))
#3 /var/www/ocforum.my/www/forum/lib/Cake/Routing/Dispatcher.php(86): Dispatcher->_invoke(Object(DiscussionsController), Object(CakeRequest), Object(CakeResponse))
#4 /var/www/ocforum.my/www/forum/app/webroot/index.php(96): Dispatcher->dispatch(Object(CakeRequest), Object(CakeResponse))
#5 {main}
2012-01-08 22:09:52 Error: [NotFoundException] Invalid Discussion
#0 [internal function]: DiscussionsController->view()
#1 /var/www/ocforum.my/www/forum/lib/Cake/Controller/Controller.php(473): ReflectionMethod->invokeArgs(Object(DiscussionsController), Array)
#2 /var/www/ocforum.my/www/forum/lib/Cake/Routing/Dispatcher.php(104): Controller->invokeAction(Object(CakeRequest))
#3 /var/www/ocforum.my/www/forum/lib/Cake/Routing/Dispatcher.php(86): Dispatcher->_invoke(Object(DiscussionsController), Object(CakeRequest), Object(CakeResponse))
#4 /var/www/ocforum.my/www/forum/app/webroot/index.php(96): Dispatcher->dispatch(Object(CakeRequest), Object(CakeResponse))
#5 {main}
2012-01-08 23:10:45 Error: [PDOException] SQLSTATE[42S22]: Column not found: 1054 Unknown column 'Discussion.first' in 'field list'
#0 /var/www/ocforum.my/www/forum/lib/Cake/Model/Datasource/DboSource.php(436): PDOStatement->execute(Array)
#1 /var/www/ocforum.my/www/forum/lib/Cake/Model/Datasource/DboSource.php(403): DboSource->_execute('SELECT `Discuss...', Array)
#2 /var/www/ocforum.my/www/forum/lib/Cake/Model/Datasource/DboSource.php(647): DboSource->execute('SELECT `Discuss...', Array, Array)
#3 /var/www/ocforum.my/www/forum/lib/Cake/Model/Datasource/DboSource.php(1056): DboSource->fetchAll('SELECT `Discuss...', false)
#4 /var/www/ocforum.my/www/forum/lib/Cake/Model/Model.php(2515): DboSource->read(Object(Discussion), Array)
#5 /var/www/ocforum.my/www/forum/lib/Cake/Model/Datasource/DboSource.php(570): Model->find('all', Array)
#6 /var/www/ocforum.my/www/forum/lib/Cake/Model/Model.php(731): DboSource->query('findAllById', Array, Object(Discussion))
#7 /var/www/ocforum.my/www/forum/app/Plugin/Comments/Controller/CommentsController.php(19): Model->__call('findAllById', Array)
#8 /var/www/ocforum.my/www/forum/app/Plugin/Comments/Controller/CommentsController.php(19): Discussion->findAllById('7', 'first')
#9 [internal function]: CommentsController->add('7')
#10 /var/www/ocforum.my/www/forum/lib/Cake/Controller/Controller.php(473): ReflectionMethod->invokeArgs(Object(CommentsController), Array)
#11 /var/www/ocforum.my/www/forum/lib/Cake/Routing/Dispatcher.php(104): Controller->invokeAction(Object(CakeRequest))
#12 /var/www/ocforum.my/www/forum/lib/Cake/Routing/Dispatcher.php(86): Dispatcher->_invoke(Object(CommentsController), Object(CakeRequest), Object(CakeResponse))
#13 /var/www/ocforum.my/www/forum/app/webroot/index.php(96): Dispatcher->dispatch(Object(CakeRequest), Object(CakeResponse))
#14 {main}
2012-01-08 23:28:14 Error: [PDOException] SQLSTATE[42S22]: Column not found: 1054 Unknown column 'Comment.' in 'field list'
#0 /var/www/ocforum.my/www/forum/lib/Cake/Model/Datasource/DboSource.php(436): PDOStatement->execute(Array)
#1 /var/www/ocforum.my/www/forum/lib/Cake/Model/Datasource/DboSource.php(403): DboSource->_execute('SELECT DISTINCT...', Array)
#2 /var/www/ocforum.my/www/forum/lib/Cake/Model/Datasource/DboSource.php(647): DboSource->execute('SELECT DISTINCT...', Array, Array)
#3 /var/www/ocforum.my/www/forum/lib/Cake/Model/Datasource/DboSource.php(1056): DboSource->fetchAll('SELECT DISTINCT...', false)
#4 /var/www/ocforum.my/www/forum/lib/Cake/Model/Model.php(2515): DboSource->read(Object(Comment), Array)
#5 /var/www/ocforum.my/www/forum/lib/Cake/Model/Datasource/DboSource.php(570): Model->find('all', Array)
#6 /var/www/ocforum.my/www/forum/lib/Cake/Model/Model.php(731): DboSource->query('findAllByDiscus...', Array, Object(Comment))
#7 /var/www/ocforum.my/www/forum/app/Plugin/Discussions/Controller/DiscussionsController.php(68): Model->__call('findAllByDiscus...', Array)
#8 /var/www/ocforum.my/www/forum/app/Plugin/Discussions/Controller/DiscussionsController.php(68): Comment->findAllByDiscussion_id('9', Array)
#9 [internal function]: DiscussionsController->view('9')
#10 /var/www/ocforum.my/www/forum/lib/Cake/Controller/Controller.php(473): ReflectionMethod->invokeArgs(Object(DiscussionsController), Array)
#11 /var/www/ocforum.my/www/forum/lib/Cake/Routing/Dispatcher.php(104): Controller->invokeAction(Object(CakeRequest))
#12 /var/www/ocforum.my/www/forum/lib/Cake/Routing/Dispatcher.php(86): Dispatcher->_invoke(Object(DiscussionsController), Object(CakeRequest), Object(CakeResponse))
#13 /var/www/ocforum.my/www/forum/app/webroot/index.php(96): Dispatcher->dispatch(Object(CakeRequest), Object(CakeResponse))
#14 {main}
2012-01-08 23:28:43 Error: [PDOException] SQLSTATE[42S22]: Column not found: 1054 Unknown column 'Comment.' in 'field list'
#0 /var/www/ocforum.my/www/forum/lib/Cake/Model/Datasource/DboSource.php(436): PDOStatement->execute(Array)
#1 /var/www/ocforum.my/www/forum/lib/Cake/Model/Datasource/DboSource.php(403): DboSource->_execute('SELECT DISTINCT...', Array)
#2 /var/www/ocforum.my/www/forum/lib/Cake/Model/Datasource/DboSource.php(647): DboSource->execute('SELECT DISTINCT...', Array, Array)
#3 /var/www/ocforum.my/www/forum/lib/Cake/Model/Datasource/DboSource.php(1056): DboSource->fetchAll('SELECT DISTINCT...', false)
#4 /var/www/ocforum.my/www/forum/lib/Cake/Model/Model.php(2515): DboSource->read(Object(Comment), Array)
#5 /var/www/ocforum.my/www/forum/lib/Cake/Model/Datasource/DboSource.php(570): Model->find('all', Array)
#6 /var/www/ocforum.my/www/forum/lib/Cake/Model/Model.php(731): DboSource->query('findAllByDiscus...', Array, Object(Comment))
#7 /var/www/ocforum.my/www/forum/app/Plugin/Discussions/Controller/DiscussionsController.php(68): Model->__call('findAllByDiscus...', Array)
#8 /var/www/ocforum.my/www/forum/app/Plugin/Discussions/Controller/DiscussionsController.php(68): Comment->findAllByDiscussion_id('9', Array)
#9 [internal function]: DiscussionsController->view('9')
#10 /var/www/ocforum.my/www/forum/lib/Cake/Controller/Controller.php(473): ReflectionMethod->invokeArgs(Object(DiscussionsController), Array)
#11 /var/www/ocforum.my/www/forum/lib/Cake/Routing/Dispatcher.php(104): Controller->invokeAction(Object(CakeRequest))
#12 /var/www/ocforum.my/www/forum/lib/Cake/Routing/Dispatcher.php(86): Dispatcher->_invoke(Object(DiscussionsController), Object(CakeRequest), Object(CakeResponse))
#13 /var/www/ocforum.my/www/forum/app/webroot/index.php(96): Dispatcher->dispatch(Object(CakeRequest), Object(CakeResponse))
#14 {main}
2012-01-09 00:25:08 Error: [MissingBehaviorException] Behavior class BbcodeBehaviorBehavior could not be found.
#0 /var/www/ocforum.my/www/forum/lib/Cake/Model/BehaviorCollection.php(67): BehaviorCollection->load('BbcodeBehavior', Array)
#1 /var/www/ocforum.my/www/forum/lib/Cake/Model/Model.php(715): BehaviorCollection->init('Comment', Array)
#2 [internal function]: Model->__construct(Array)
#3 /var/www/ocforum.my/www/forum/lib/Cake/Utility/ClassRegistry.php(161): ReflectionClass->newInstance(Array)
#4 /var/www/ocforum.my/www/forum/lib/Cake/Model/Model.php(965): ClassRegistry::init(Array)
#5 /var/www/ocforum.my/www/forum/lib/Cake/Model/Model.php(790): Model->_constructLinkedModel('Comment', 'Comment', 'Comments')
#6 /var/www/ocforum.my/www/forum/lib/Cake/Model/Model.php(820): Model->__isset('Comment')
#7 /var/www/ocforum.my/www/forum/lib/Cake/Model/Datasource/DboSource.php(1039): Model->__get('Comment')
#8 /var/www/ocforum.my/www/forum/lib/Cake/Model/Model.php(2515): DboSource->read(Object(Discussion), Array)
#9 /var/www/ocforum.my/www/forum/lib/Cake/Model/Datasource/DboSource.php(575): Model->find('first', Array)
#10 /var/www/ocforum.my/www/forum/lib/Cake/Model/Model.php(731): DboSource->query('findById', Array, Object(Discussion))
#11 /var/www/ocforum.my/www/forum/app/Plugin/Discussions/Controller/DiscussionsController.php(59): Model->__call('findById', Array)
#12 /var/www/ocforum.my/www/forum/app/Plugin/Discussions/Controller/DiscussionsController.php(59): Discussion->findById('9')
#13 [internal function]: DiscussionsController->view('9')
#14 /var/www/ocforum.my/www/forum/lib/Cake/Controller/Controller.php(473): ReflectionMethod->invokeArgs(Object(DiscussionsController), Array)
#15 /var/www/ocforum.my/www/forum/lib/Cake/Routing/Dispatcher.php(104): Controller->invokeAction(Object(CakeRequest))
#16 /var/www/ocforum.my/www/forum/lib/Cake/Routing/Dispatcher.php(86): Dispatcher->_invoke(Object(DiscussionsController), Object(CakeRequest), Object(CakeResponse))
#17 /var/www/ocforum.my/www/forum/app/webroot/index.php(96): Dispatcher->dispatch(Object(CakeRequest), Object(CakeResponse))
#18 {main}
2012-01-09 01:00:16 Error: [MissingBehaviorException] Behavior class BbcodeBehavior could not be found.
#0 /var/www/ocforum.my/www/forum/lib/Cake/Model/BehaviorCollection.php(67): BehaviorCollection->load('Bbcode', Array)
#1 /var/www/ocforum.my/www/forum/lib/Cake/Model/Model.php(715): BehaviorCollection->init('Discussion', Array)
#2 [internal function]: Model->__construct(Array)
#3 /var/www/ocforum.my/www/forum/lib/Cake/Utility/ClassRegistry.php(161): ReflectionClass->newInstance(Array)
#4 /var/www/ocforum.my/www/forum/lib/Cake/Controller/Controller.php(670): ClassRegistry::init(Array)
#5 /var/www/ocforum.my/www/forum/app/Plugin/Discussions/Controller/Component/DiscussionsComponent.php(8): Controller->loadModel('Discussions.Dis...')
#6 [internal function]: DiscussionsComponent->initialize(Object(DiscussionsController))
#7 /var/www/ocforum.my/www/forum/lib/Cake/Utility/ObjectCollection.php(111): call_user_func_array(Array, Array)
#8 /var/www/ocforum.my/www/forum/lib/Cake/Controller/Controller.php(604): ObjectCollection->trigger('initialize', Array)
#9 /var/www/ocforum.my/www/forum/lib/Cake/Routing/Dispatcher.php(101): Controller->startupProcess()
#10 /var/www/ocforum.my/www/forum/lib/Cake/Routing/Dispatcher.php(86): Dispatcher->_invoke(Object(DiscussionsController), Object(CakeRequest), Object(CakeResponse))
#11 /var/www/ocforum.my/www/forum/app/webroot/index.php(96): Dispatcher->dispatch(Object(CakeRequest), Object(CakeResponse))
#12 {main}
2012-01-09 02:26:35 Error: [PDOException] SQLSTATE[42S22]: Column not found: 1054 Unknown column 'UserGroup.id' in 'where clause'
#0 /var/www/ocforum.my/www/forum/lib/Cake/Model/Datasource/DboSource.php(436): PDOStatement->execute(Array)
#1 /var/www/ocforum.my/www/forum/lib/Cake/Model/Datasource/DboSource.php(403): DboSource->_execute('SELECT `AdminGr...', Array)
#2 /var/www/ocforum.my/www/forum/lib/Cake/Model/Datasource/DboSource.php(647): DboSource->execute('SELECT `AdminGr...', Array, Array)
#3 /var/www/ocforum.my/www/forum/lib/Cake/Model/Datasource/DboSource.php(1056): DboSource->fetchAll('SELECT `AdminGr...', false)
#4 /var/www/ocforum.my/www/forum/lib/Cake/Model/Model.php(2515): DboSource->read(Object(AdminGroup), Array)
#5 /var/www/ocforum.my/www/forum/app/Plugin/Users/Controller/Component/MembersComponent.php(38): Model->find('first', Array)
#6 /var/www/ocforum.my/www/forum/app/Plugin/Users/Controller/Component/MembersComponent.php(88): MembersComponent->getUserById('1')
#7 /var/www/ocforum.my/www/forum/app/Plugin/Users/Controller/Component/MembersComponent.php(104): MembersComponent->getViewer()
#8 /var/www/ocforum.my/www/forum/app/Controller/AppController.php(7): MembersComponent->isAllow()
#9 /var/www/ocforum.my/www/forum/lib/Cake/Controller/Controller.php(605): AppController->beforeFilter()
#10 /var/www/ocforum.my/www/forum/lib/Cake/Routing/Dispatcher.php(101): Controller->startupProcess()
#11 /var/www/ocforum.my/www/forum/lib/Cake/Routing/Dispatcher.php(86): Dispatcher->_invoke(Object(DiscussionsController), Object(CakeRequest), Object(CakeResponse))
#12 /var/www/ocforum.my/www/forum/app/webroot/index.php(96): Dispatcher->dispatch(Object(CakeRequest), Object(CakeResponse))
#13 {main}
2012-01-09 02:27:51 Error: [PDOException] SQLSTATE[42S22]: Column not found: 1054 Unknown column 'UserGroup.id' in 'where clause'
#0 /var/www/ocforum.my/www/forum/lib/Cake/Model/Datasource/DboSource.php(436): PDOStatement->execute(Array)
#1 /var/www/ocforum.my/www/forum/lib/Cake/Model/Datasource/DboSource.php(403): DboSource->_execute('SELECT `AdminGr...', Array)
#2 /var/www/ocforum.my/www/forum/lib/Cake/Model/Datasource/DboSource.php(647): DboSource->execute('SELECT `AdminGr...', Array, Array)
#3 /var/www/ocforum.my/www/forum/lib/Cake/Model/Datasource/DboSource.php(1056): DboSource->fetchAll('SELECT `AdminGr...', false)
#4 /var/www/ocforum.my/www/forum/lib/Cake/Model/Model.php(2515): DboSource->read(Object(AdminGroup), Array)
#5 /var/www/ocforum.my/www/forum/app/Plugin/Users/Controller/Component/MembersComponent.php(38): Model->find('first', Array)
#6 /var/www/ocforum.my/www/forum/app/Plugin/Users/Controller/Component/MembersComponent.php(88): MembersComponent->getUserById('1')
#7 /var/www/ocforum.my/www/forum/app/Plugin/Users/Controller/Component/MembersComponent.php(104): MembersComponent->getViewer()
#8 /var/www/ocforum.my/www/forum/app/Controller/AppController.php(7): MembersComponent->isAllow()
#9 /var/www/ocforum.my/www/forum/lib/Cake/Controller/Controller.php(605): AppController->beforeFilter()
#10 /var/www/ocforum.my/www/forum/lib/Cake/Routing/Dispatcher.php(101): Controller->startupProcess()
#11 /var/www/ocforum.my/www/forum/lib/Cake/Routing/Dispatcher.php(86): Dispatcher->_invoke(Object(DiscussionsController), Object(CakeRequest), Object(CakeResponse))
#12 /var/www/ocforum.my/www/forum/app/webroot/index.php(96): Dispatcher->dispatch(Object(CakeRequest), Object(CakeResponse))
#13 {main}
2012-01-09 02:39:27 Error: [PDOException] SQLSTATE[42S22]: Column not found: 1054 Unknown column 'UserGroup.id' in 'where clause'
#0 /var/www/ocforum.my/www/forum/lib/Cake/Model/Datasource/DboSource.php(436): PDOStatement->execute(Array)
#1 /var/www/ocforum.my/www/forum/lib/Cake/Model/Datasource/DboSource.php(403): DboSource->_execute('SELECT `AdminGr...', Array)
#2 /var/www/ocforum.my/www/forum/lib/Cake/Model/Datasource/DboSource.php(647): DboSource->execute('SELECT `AdminGr...', Array, Array)
#3 /var/www/ocforum.my/www/forum/lib/Cake/Model/Datasource/DboSource.php(1056): DboSource->fetchAll('SELECT `AdminGr...', false)
#4 /var/www/ocforum.my/www/forum/lib/Cake/Model/Model.php(2515): DboSource->read(Object(AdminGroup), Array)
#5 /var/www/ocforum.my/www/forum/app/Plugin/Users/Controller/Component/MembersComponent.php(39): Model->find('first', Array)
#6 /var/www/ocforum.my/www/forum/app/Plugin/Users/Controller/Component/MembersComponent.php(96): MembersComponent->getUserById('1', 'user')
#7 /var/www/ocforum.my/www/forum/app/Plugin/Users/Controller/Component/MembersComponent.php(118): MembersComponent->getViewer()
#8 /var/www/ocforum.my/www/forum/app/Controller/AppController.php(7): MembersComponent->isAllow()
#9 /var/www/ocforum.my/www/forum/lib/Cake/Controller/Controller.php(605): AppController->beforeFilter()
#10 /var/www/ocforum.my/www/forum/lib/Cake/Routing/Dispatcher.php(101): Controller->startupProcess()
#11 /var/www/ocforum.my/www/forum/lib/Cake/Routing/Dispatcher.php(86): Dispatcher->_invoke(Object(DiscussionsController), Object(CakeRequest), Object(CakeResponse))
#12 /var/www/ocforum.my/www/forum/app/webroot/index.php(96): Dispatcher->dispatch(Object(CakeRequest), Object(CakeResponse))
#13 {main}
2012-01-09 02:57:28 Error: [MissingViewException] View file "/var/www/ocforum.my/www/forum/app/Plugin/Discussions/View/Discussions/edit.ctp" is missing.
#0 /var/www/ocforum.my/www/forum/lib/Cake/View/View.php(360): View->_getViewFileName(NULL)
#1 /var/www/ocforum.my/www/forum/lib/Cake/Controller/Controller.php(900): View->render(NULL, NULL)
#2 /var/www/ocforum.my/www/forum/lib/Cake/Routing/Dispatcher.php(111): Controller->render()
#3 /var/www/ocforum.my/www/forum/lib/Cake/Routing/Dispatcher.php(86): Dispatcher->_invoke(Object(DiscussionsController), Object(CakeRequest), Object(CakeResponse))
#4 /var/www/ocforum.my/www/forum/app/webroot/index.php(96): Dispatcher->dispatch(Object(CakeRequest), Object(CakeResponse))
#5 {main}
2012-01-10 01:01:12 Error: [PDOException] SQLSTATE[42S22]: Column not found: 1054 Unknown column 'Comment.discussion_id' in 'where clause'
#0 /var/www/ocforum.my/www/forum/lib/Cake/Model/Datasource/DboSource.php(436): PDOStatement->execute(Array)
#1 /var/www/ocforum.my/www/forum/lib/Cake/Model/Datasource/DboSource.php(403): DboSource->_execute('SELECT `Discuss...', Array)
#2 /var/www/ocforum.my/www/forum/lib/Cake/Model/Datasource/DboSource.php(647): DboSource->execute('SELECT `Discuss...', Array, Array)
#3 /var/www/ocforum.my/www/forum/lib/Cake/Model/Datasource/DboSource.php(1056): DboSource->fetchAll('SELECT `Discuss...', false)
#4 /var/www/ocforum.my/www/forum/lib/Cake/Model/Model.php(2515): DboSource->read(Object(Discussion), Array)
#5 /var/www/ocforum.my/www/forum/lib/Cake/Controller/Component/PaginatorComponent.php(172): Model->find('all', Array)
#6 /var/www/ocforum.my/www/forum/lib/Cake/Controller/Controller.php(1025): PaginatorComponent->paginate(NULL, Array, Array)
#7 /var/www/ocforum.my/www/forum/app/Plugin/Discussions/Controller/DiscussionsController.php(88): Controller->paginate()
#8 [internal function]: DiscussionsController->view('11')
#9 /var/www/ocforum.my/www/forum/lib/Cake/Controller/Controller.php(473): ReflectionMethod->invokeArgs(Object(DiscussionsController), Array)
#10 /var/www/ocforum.my/www/forum/lib/Cake/Routing/Dispatcher.php(104): Controller->invokeAction(Object(CakeRequest))
#11 /var/www/ocforum.my/www/forum/lib/Cake/Routing/Dispatcher.php(86): Dispatcher->_invoke(Object(DiscussionsController), Object(CakeRequest), Object(CakeResponse))
#12 /var/www/ocforum.my/www/forum/app/webroot/index.php(96): Dispatcher->dispatch(Object(CakeRequest), Object(CakeResponse))
#13 {main}
2012-01-10 01:03:00 Error: [PDOException] SQLSTATE[42S22]: Column not found: 1054 Unknown column 'Comment.discussion_id' in 'where clause'
#0 /var/www/ocforum.my/www/forum/lib/Cake/Model/Datasource/DboSource.php(436): PDOStatement->execute(Array)
#1 /var/www/ocforum.my/www/forum/lib/Cake/Model/Datasource/DboSource.php(403): DboSource->_execute('SELECT `Discuss...', Array)
#2 /var/www/ocforum.my/www/forum/lib/Cake/Model/Datasource/DboSource.php(647): DboSource->execute('SELECT `Discuss...', Array, Array)
#3 /var/www/ocforum.my/www/forum/lib/Cake/Model/Datasource/DboSource.php(1056): DboSource->fetchAll('SELECT `Discuss...', false)
#4 /var/www/ocforum.my/www/forum/lib/Cake/Model/Model.php(2515): DboSource->read(Object(Discussion), Array)
#5 /var/www/ocforum.my/www/forum/lib/Cake/Controller/Component/PaginatorComponent.php(172): Model->find('all', Array)
#6 /var/www/ocforum.my/www/forum/lib/Cake/Controller/Controller.php(1025): PaginatorComponent->paginate(NULL, Array, Array)
#7 /var/www/ocforum.my/www/forum/app/Plugin/Discussions/Controller/DiscussionsController.php(89): Controller->paginate()
#8 [internal function]: DiscussionsController->view('11')
#9 /var/www/ocforum.my/www/forum/lib/Cake/Controller/Controller.php(473): ReflectionMethod->invokeArgs(Object(DiscussionsController), Array)
#10 /var/www/ocforum.my/www/forum/lib/Cake/Routing/Dispatcher.php(104): Controller->invokeAction(Object(CakeRequest))
#11 /var/www/ocforum.my/www/forum/lib/Cake/Routing/Dispatcher.php(86): Dispatcher->_invoke(Object(DiscussionsController), Object(CakeRequest), Object(CakeResponse))
#12 /var/www/ocforum.my/www/forum/app/webroot/index.php(96): Dispatcher->dispatch(Object(CakeRequest), Object(CakeResponse))
#13 {main}
2012-01-10 01:43:36 Error: [MissingViewException] View file "/var/www/ocforum.my/www/forum/app/Plugin/Comments/View/Comments/edit.ctp" is missing.
#0 /var/www/ocforum.my/www/forum/lib/Cake/View/View.php(360): View->_getViewFileName(NULL)
#1 /var/www/ocforum.my/www/forum/lib/Cake/Controller/Controller.php(900): View->render(NULL, NULL)
#2 /var/www/ocforum.my/www/forum/lib/Cake/Routing/Dispatcher.php(111): Controller->render()
#3 /var/www/ocforum.my/www/forum/lib/Cake/Routing/Dispatcher.php(86): Dispatcher->_invoke(Object(CommentsController), Object(CakeRequest), Object(CakeResponse))
#4 /var/www/ocforum.my/www/forum/app/webroot/index.php(96): Dispatcher->dispatch(Object(CakeRequest), Object(CakeResponse))
#5 {main}
2012-01-10 01:43:44 Error: [MissingViewException] View file "/var/www/ocforum.my/www/forum/app/Plugin/Comments/View/Comments/edit.ctp" is missing.
#0 /var/www/ocforum.my/www/forum/lib/Cake/View/View.php(360): View->_getViewFileName(NULL)
#1 /var/www/ocforum.my/www/forum/lib/Cake/Controller/Controller.php(900): View->render(NULL, NULL)
#2 /var/www/ocforum.my/www/forum/lib/Cake/Routing/Dispatcher.php(111): Controller->render()
#3 /var/www/ocforum.my/www/forum/lib/Cake/Routing/Dispatcher.php(86): Dispatcher->_invoke(Object(CommentsController), Object(CakeRequest), Object(CakeResponse))
#4 /var/www/ocforum.my/www/forum/app/webroot/index.php(96): Dispatcher->dispatch(Object(CakeRequest), Object(CakeResponse))
#5 {main}
2012-01-12 00:30:02 Error: [PDOException] SQLSTATE[42000]: Syntax error or access violation: 1064 You have an error in your SQL syntax; check the manual that corresponds to your MySQL server version for the right syntax to use near 'findAll' at line 1
#0 /var/www/ocforum.my/www/forum/lib/Cake/Model/Datasource/DboSource.php(436): PDOStatement->execute(Array)
#1 /var/www/ocforum.my/www/forum/lib/Cake/Model/Datasource/DboSource.php(403): DboSource->_execute('findAll', Array)
#2 /var/www/ocforum.my/www/forum/lib/Cake/Model/Datasource/DboSource.php(647): DboSource->execute('findAll', Array, Array)
#3 /var/www/ocforum.my/www/forum/lib/Cake/Model/Datasource/DboSource.php(589): DboSource->fetchAll('findAll', Array, Array)
#4 /var/www/ocforum.my/www/forum/lib/Cake/Model/Model.php(731): DboSource->query('findAll', Array, Object(Discussion))
#5 /var/www/ocforum.my/www/forum/app/Plugin/Discussions/Controller/Component/DiscussionsComponent.php(24): Model->__call('findAll', Array)
#6 /var/www/ocforum.my/www/forum/app/Plugin/Discussions/Controller/Component/DiscussionsComponent.php(24): Discussion->findAll(Array)
#7 /var/www/ocforum.my/www/forum/app/Plugin/Discussions/View/Helper/DiscussionHelper.php(7): DiscussionsComponent->getLatest()
#8 /var/www/ocforum.my/www/forum/app/View/Themed/Default/Elements/sidebar/lates_discussions.ctp(1): DiscussionHelper->latesDiscussions(Object(DiscussionsComponent))
#9 /var/www/ocforum.my/www/forum/lib/Cake/View/View.php(595): include('/var/www/ocforu...')
#10 /var/www/ocforum.my/www/forum/lib/Cake/View/View.php(317): View->_render('/var/www/ocforu...', Array)
#11 /var/www/ocforum.my/www/forum/app/View/Themed/Default/Layouts/default.ctp(85): View->element('sidebar/lates_d...')
#12 /var/www/ocforum.my/www/forum/lib/Cake/View/View.php(595): include('/var/www/ocforu...')
#13 /var/www/ocforum.my/www/forum/lib/Cake/View/View.php(411): View->_render('/var/www/ocforu...')
#14 /var/www/ocforum.my/www/forum/lib/Cake/View/View.php(373): View->renderLayout('<h3>Discussions...', 'default')
#15 /var/www/ocforum.my/www/forum/lib/Cake/Controller/Controller.php(900): View->render(NULL, NULL)
#16 /var/www/ocforum.my/www/forum/lib/Cake/Routing/Dispatcher.php(111): Controller->render()
#17 /var/www/ocforum.my/www/forum/lib/Cake/Routing/Dispatcher.php(86): Dispatcher->_invoke(Object(DiscussionsController), Object(CakeRequest), Object(CakeResponse))
#18 /var/www/ocforum.my/www/forum/app/webroot/index.php(96): Dispatcher->dispatch(Object(CakeRequest), Object(CakeResponse))
#19 {main}
2012-01-12 00:30:56 Error: [PDOException] SQLSTATE[42000]: Syntax error or access violation: 1064 You have an error in your SQL syntax; check the manual that corresponds to your MySQL server version for the right syntax to use near 'findAll' at line 1
#0 /var/www/ocforum.my/www/forum/lib/Cake/Model/Datasource/DboSource.php(436): PDOStatement->execute(Array)
#1 /var/www/ocforum.my/www/forum/lib/Cake/Model/Datasource/DboSource.php(403): DboSource->_execute('findAll', Array)
#2 /var/www/ocforum.my/www/forum/lib/Cake/Model/Datasource/DboSource.php(647): DboSource->execute('findAll', Array, Array)
#3 /var/www/ocforum.my/www/forum/lib/Cake/Model/Datasource/DboSource.php(589): DboSource->fetchAll('findAll', Array, Array)
#4 /var/www/ocforum.my/www/forum/lib/Cake/Model/Model.php(731): DboSource->query('findAll', Array, Object(Discussion))
#5 /var/www/ocforum.my/www/forum/app/Plugin/Discussions/Controller/Component/DiscussionsComponent.php(24): Model->__call('findAll', Array)
#6 /var/www/ocforum.my/www/forum/app/Plugin/Discussions/Controller/Component/DiscussionsComponent.php(24): Discussion->findAll(Array)
#7 /var/www/ocforum.my/www/forum/app/Plugin/Discussions/View/Helper/DiscussionHelper.php(7): DiscussionsComponent->getLatest()
#8 /var/www/ocforum.my/www/forum/app/View/Themed/Default/Elements/sidebar/lates_discussions.ctp(1): DiscussionHelper->latesDiscussions(Object(DiscussionsComponent))
#9 /var/www/ocforum.my/www/forum/lib/Cake/View/View.php(595): include('/var/www/ocforu...')
#10 /var/www/ocforum.my/www/forum/lib/Cake/View/View.php(317): View->_render('/var/www/ocforu...', Array)
#11 /var/www/ocforum.my/www/forum/app/View/Themed/Default/Layouts/default.ctp(85): View->element('sidebar/lates_d...')
#12 /var/www/ocforum.my/www/forum/lib/Cake/View/View.php(595): include('/var/www/ocforu...')
#13 /var/www/ocforum.my/www/forum/lib/Cake/View/View.php(411): View->_render('/var/www/ocforu...')
#14 /var/www/ocforum.my/www/forum/lib/Cake/View/View.php(373): View->renderLayout('<h3>Discussions...', 'default')
#15 /var/www/ocforum.my/www/forum/lib/Cake/Controller/Controller.php(900): View->render(NULL, NULL)
#16 /var/www/ocforum.my/www/forum/lib/Cake/Routing/Dispatcher.php(111): Controller->render()
#17 /var/www/ocforum.my/www/forum/lib/Cake/Routing/Dispatcher.php(86): Dispatcher->_invoke(Object(DiscussionsController), Object(CakeRequest), Object(CakeResponse))
#18 /var/www/ocforum.my/www/forum/app/webroot/index.php(96): Dispatcher->dispatch(Object(CakeRequest), Object(CakeResponse))
#19 {main}
2012-01-12 00:33:23 Error: [PDOException] SQLSTATE[42000]: Syntax error or access violation: 1064 You have an error in your SQL syntax; check the manual that corresponds to your MySQL server version for the right syntax to use near 'findAll' at line 1
#0 /var/www/ocforum.my/www/forum/lib/Cake/Model/Datasource/DboSource.php(436): PDOStatement->execute(Array)
#1 /var/www/ocforum.my/www/forum/lib/Cake/Model/Datasource/DboSource.php(403): DboSource->_execute('findAll', Array)
#2 /var/www/ocforum.my/www/forum/lib/Cake/Model/Datasource/DboSource.php(647): DboSource->execute('findAll', Array, Array)
#3 /var/www/ocforum.my/www/forum/lib/Cake/Model/Datasource/DboSource.php(589): DboSource->fetchAll('findAll', Array, Array)
#4 /var/www/ocforum.my/www/forum/lib/Cake/Model/Model.php(731): DboSource->query('findAll', Array, Object(Discussion))
#5 /var/www/ocforum.my/www/forum/app/Plugin/Discussions/Controller/Component/DiscussionsComponent.php(24): Model->__call('findAll', Array)
#6 /var/www/ocforum.my/www/forum/app/Plugin/Discussions/Controller/Component/DiscussionsComponent.php(24): Discussion->findAll(Array)
#7 /var/www/ocforum.my/www/forum/app/Plugin/Discussions/View/Helper/DiscussionHelper.php(7): DiscussionsComponent->getLatest()
#8 /var/www/ocforum.my/www/forum/app/View/Themed/Default/Elements/sidebar/lates_discussions.ctp(1): DiscussionHelper->latesDiscussions(Object(DiscussionsComponent))
#9 /var/www/ocforum.my/www/forum/lib/Cake/View/View.php(595): include('/var/www/ocforu...')
#10 /var/www/ocforum.my/www/forum/lib/Cake/View/View.php(317): View->_render('/var/www/ocforu...', Array)
#11 /var/www/ocforum.my/www/forum/app/View/Themed/Default/Layouts/default.ctp(85): View->element('sidebar/lates_d...')
#12 /var/www/ocforum.my/www/forum/lib/Cake/View/View.php(595): include('/var/www/ocforu...')
#13 /var/www/ocforum.my/www/forum/lib/Cake/View/View.php(411): View->_render('/var/www/ocforu...')
#14 /var/www/ocforum.my/www/forum/lib/Cake/View/View.php(373): View->renderLayout('<h3>Discussions...', 'default')
#15 /var/www/ocforum.my/www/forum/lib/Cake/Controller/Controller.php(900): View->render(NULL, NULL)
#16 /var/www/ocforum.my/www/forum/lib/Cake/Routing/Dispatcher.php(111): Controller->render()
#17 /var/www/ocforum.my/www/forum/lib/Cake/Routing/Dispatcher.php(86): Dispatcher->_invoke(Object(DiscussionsController), Object(CakeRequest), Object(CakeResponse))
#18 /var/www/ocforum.my/www/forum/app/webroot/index.php(96): Dispatcher->dispatch(Object(CakeRequest), Object(CakeResponse))
#19 {main}
2012-01-12 01:05:15 Error: [MissingHelperException] Helper class CommentHelper could not be found.
#0 /var/www/ocforum.my/www/forum/lib/Cake/View/View.php(574): HelperCollection->load('Comments.Commen...', Array)
#1 /var/www/ocforum.my/www/forum/lib/Cake/View/View.php(356): View->loadHelpers()
#2 /var/www/ocforum.my/www/forum/lib/Cake/Controller/Controller.php(900): View->render(NULL, NULL)
#3 /var/www/ocforum.my/www/forum/lib/Cake/Routing/Dispatcher.php(111): Controller->render()
#4 /var/www/ocforum.my/www/forum/lib/Cake/Routing/Dispatcher.php(86): Dispatcher->_invoke(Object(DiscussionsController), Object(CakeRequest), Object(CakeResponse))
#5 /var/www/ocforum.my/www/forum/app/webroot/index.php(96): Dispatcher->dispatch(Object(CakeRequest), Object(CakeResponse))
#6 {main}
2012-01-15 16:50:27 Error: [PDOException] SQLSTATE[42S22]: Column not found: 1054 Unknown column 'Admin.username' in 'where clause'
#0 /var/www/ocforum.my/www/forum/lib/Cake/Model/Datasource/DboSource.php(436): PDOStatement->execute(Array)
#1 /var/www/ocforum.my/www/forum/lib/Cake/Model/Datasource/DboSource.php(403): DboSource->_execute('SELECT `User`.`...', Array)
#2 /var/www/ocforum.my/www/forum/lib/Cake/Model/Datasource/DboSource.php(647): DboSource->execute('SELECT `User`.`...', Array, Array)
#3 /var/www/ocforum.my/www/forum/lib/Cake/Model/Datasource/DboSource.php(1056): DboSource->fetchAll('SELECT `User`.`...', false)
#4 /var/www/ocforum.my/www/forum/lib/Cake/Model/Model.php(2515): DboSource->read(Object(User), Array)
#5 /var/www/ocforum.my/www/forum/app/Plugin/Users/Controller/Component/MembersComponent.php(197): Model->find('first', Array)
#6 /var/www/ocforum.my/www/forum/app/Plugin/Users/Controller/UsersController.php(81): MembersComponent->login('admin', '111111')
#7 [internal function]: UsersController->login()
#8 /var/www/ocforum.my/www/forum/lib/Cake/Controller/Controller.php(473): ReflectionMethod->invokeArgs(Object(UsersController), Array)
#9 /var/www/ocforum.my/www/forum/lib/Cake/Routing/Dispatcher.php(104): Controller->invokeAction(Object(CakeRequest))
#10 /var/www/ocforum.my/www/forum/lib/Cake/Routing/Dispatcher.php(86): Dispatcher->_invoke(Object(UsersController), Object(CakeRequest), Object(CakeResponse))
#11 /var/www/ocforum.my/www/forum/app/webroot/index.php(96): Dispatcher->dispatch(Object(CakeRequest), Object(CakeResponse))
#12 {main}
2012-01-15 16:50:31 Error: [PDOException] SQLSTATE[42S22]: Column not found: 1054 Unknown column 'Admin.username' in 'where clause'
#0 /var/www/ocforum.my/www/forum/lib/Cake/Model/Datasource/DboSource.php(436): PDOStatement->execute(Array)
#1 /var/www/ocforum.my/www/forum/lib/Cake/Model/Datasource/DboSource.php(403): DboSource->_execute('SELECT `User`.`...', Array)
#2 /var/www/ocforum.my/www/forum/lib/Cake/Model/Datasource/DboSource.php(647): DboSource->execute('SELECT `User`.`...', Array, Array)
#3 /var/www/ocforum.my/www/forum/lib/Cake/Model/Datasource/DboSource.php(1056): DboSource->fetchAll('SELECT `User`.`...', false)
#4 /var/www/ocforum.my/www/forum/lib/Cake/Model/Model.php(2515): DboSource->read(Object(User), Array)
#5 /var/www/ocforum.my/www/forum/app/Plugin/Users/Controller/Component/MembersComponent.php(197): Model->find('first', Array)
#6 /var/www/ocforum.my/www/forum/app/Plugin/Users/Controller/UsersController.php(81): MembersComponent->login('admin', '111111')
#7 [internal function]: UsersController->login()
#8 /var/www/ocforum.my/www/forum/lib/Cake/Controller/Controller.php(473): ReflectionMethod->invokeArgs(Object(UsersController), Array)
#9 /var/www/ocforum.my/www/forum/lib/Cake/Routing/Dispatcher.php(104): Controller->invokeAction(Object(CakeRequest))
#10 /var/www/ocforum.my/www/forum/lib/Cake/Routing/Dispatcher.php(86): Dispatcher->_invoke(Object(UsersController), Object(CakeRequest), Object(CakeResponse))
#11 /var/www/ocforum.my/www/forum/app/webroot/index.php(96): Dispatcher->dispatch(Object(CakeRequest), Object(CakeResponse))
#12 {main}
2012-01-15 16:50:35 Error: [PDOException] SQLSTATE[42S22]: Column not found: 1054 Unknown column 'Admin.username' in 'where clause'
#0 /var/www/ocforum.my/www/forum/lib/Cake/Model/Datasource/DboSource.php(436): PDOStatement->execute(Array)
#1 /var/www/ocforum.my/www/forum/lib/Cake/Model/Datasource/DboSource.php(403): DboSource->_execute('SELECT `User`.`...', Array)
#2 /var/www/ocforum.my/www/forum/lib/Cake/Model/Datasource/DboSource.php(647): DboSource->execute('SELECT `User`.`...', Array, Array)
#3 /var/www/ocforum.my/www/forum/lib/Cake/Model/Datasource/DboSource.php(1056): DboSource->fetchAll('SELECT `User`.`...', false)
#4 /var/www/ocforum.my/www/forum/lib/Cake/Model/Model.php(2515): DboSource->read(Object(User), Array)
#5 /var/www/ocforum.my/www/forum/app/Plugin/Users/Controller/Component/MembersComponent.php(197): Model->find('first', Array)
#6 /var/www/ocforum.my/www/forum/app/Plugin/Users/Controller/UsersController.php(81): MembersComponent->login('admin', '111111')
#7 [internal function]: UsersController->login()
#8 /var/www/ocforum.my/www/forum/lib/Cake/Controller/Controller.php(473): ReflectionMethod->invokeArgs(Object(UsersController), Array)
#9 /var/www/ocforum.my/www/forum/lib/Cake/Routing/Dispatcher.php(104): Controller->invokeAction(Object(CakeRequest))
#10 /var/www/ocforum.my/www/forum/lib/Cake/Routing/Dispatcher.php(86): Dispatcher->_invoke(Object(UsersController), Object(CakeRequest), Object(CakeResponse))
#11 /var/www/ocforum.my/www/forum/app/webroot/index.php(96): Dispatcher->dispatch(Object(CakeRequest), Object(CakeResponse))
#12 {main}
2012-01-15 16:50:59 Error: [PDOException] SQLSTATE[42S22]: Column not found: 1054 Unknown column 'Admin.username' in 'where clause'
#0 /var/www/ocforum.my/www/forum/lib/Cake/Model/Datasource/DboSource.php(436): PDOStatement->execute(Array)
#1 /var/www/ocforum.my/www/forum/lib/Cake/Model/Datasource/DboSource.php(403): DboSource->_execute('SELECT `User`.`...', Array)
#2 /var/www/ocforum.my/www/forum/lib/Cake/Model/Datasource/DboSource.php(647): DboSource->execute('SELECT `User`.`...', Array, Array)
#3 /var/www/ocforum.my/www/forum/lib/Cake/Model/Datasource/DboSource.php(1056): DboSource->fetchAll('SELECT `User`.`...', false)
#4 /var/www/ocforum.my/www/forum/lib/Cake/Model/Model.php(2515): DboSource->read(Object(User), Array)
#5 /var/www/ocforum.my/www/forum/app/Plugin/Users/Controller/Component/MembersComponent.php(197): Model->find('first', Array)
#6 /var/www/ocforum.my/www/forum/app/Plugin/Users/Controller/UsersController.php(81): MembersComponent->login('admin', '111111')
#7 [internal function]: UsersController->login()
#8 /var/www/ocforum.my/www/forum/lib/Cake/Controller/Controller.php(473): ReflectionMethod->invokeArgs(Object(UsersController), Array)
#9 /var/www/ocforum.my/www/forum/lib/Cake/Routing/Dispatcher.php(104): Controller->invokeAction(Object(CakeRequest))
#10 /var/www/ocforum.my/www/forum/lib/Cake/Routing/Dispatcher.php(86): Dispatcher->_invoke(Object(UsersController), Object(CakeRequest), Object(CakeResponse))
#11 /var/www/ocforum.my/www/forum/app/webroot/index.php(96): Dispatcher->dispatch(Object(CakeRequest), Object(CakeResponse))
#12 {main}
2012-01-15 16:51:24 Error: [PDOException] SQLSTATE[42S22]: Column not found: 1054 Unknown column 'Admin.username' in 'where clause'
#0 /var/www/ocforum.my/www/forum/lib/Cake/Model/Datasource/DboSource.php(436): PDOStatement->execute(Array)
#1 /var/www/ocforum.my/www/forum/lib/Cake/Model/Datasource/DboSource.php(403): DboSource->_execute('SELECT `User`.`...', Array)
#2 /var/www/ocforum.my/www/forum/lib/Cake/Model/Datasource/DboSource.php(647): DboSource->execute('SELECT `User`.`...', Array, Array)
#3 /var/www/ocforum.my/www/forum/lib/Cake/Model/Datasource/DboSource.php(1056): DboSource->fetchAll('SELECT `User`.`...', false)
#4 /var/www/ocforum.my/www/forum/lib/Cake/Model/Model.php(2515): DboSource->read(Object(User), Array)
#5 /var/www/ocforum.my/www/forum/app/Plugin/Users/Controller/Component/MembersComponent.php(197): Model->find('first', Array)
#6 /var/www/ocforum.my/www/forum/app/Plugin/Users/Controller/UsersController.php(81): MembersComponent->login('admin', '111111')
#7 [internal function]: UsersController->login()
#8 /var/www/ocforum.my/www/forum/lib/Cake/Controller/Controller.php(473): ReflectionMethod->invokeArgs(Object(UsersController), Array)
#9 /var/www/ocforum.my/www/forum/lib/Cake/Routing/Dispatcher.php(104): Controller->invokeAction(Object(CakeRequest))
#10 /var/www/ocforum.my/www/forum/lib/Cake/Routing/Dispatcher.php(86): Dispatcher->_invoke(Object(UsersController), Object(CakeRequest), Object(CakeResponse))
#11 /var/www/ocforum.my/www/forum/app/webroot/index.php(96): Dispatcher->dispatch(Object(CakeRequest), Object(CakeResponse))
#12 {main}
2012-01-15 21:32:04 Error: [MissingViewException] View file "/var/www/ocforum.my/www/forum/app/Plugin/Settings/View/Settings/general.ctp" is missing.
#0 /var/www/ocforum.my/www/forum/lib/Cake/View/View.php(360): View->_getViewFileName(NULL)
#1 /var/www/ocforum.my/www/forum/lib/Cake/Controller/Controller.php(900): View->render(NULL, NULL)
#2 /var/www/ocforum.my/www/forum/lib/Cake/Routing/Dispatcher.php(111): Controller->render()
#3 /var/www/ocforum.my/www/forum/lib/Cake/Routing/Dispatcher.php(86): Dispatcher->_invoke(Object(SettingsController), Object(CakeRequest), Object(CakeResponse))
#4 /var/www/ocforum.my/www/forum/app/webroot/index.php(96): Dispatcher->dispatch(Object(CakeRequest), Object(CakeResponse))
#5 {main}
2012-01-15 22:02:32 Error: [NotFoundException] Invalid Setting
#0 [internal function]: SettingsController->general()
#1 /var/www/ocforum.my/www/forum/lib/Cake/Controller/Controller.php(473): ReflectionMethod->invokeArgs(Object(SettingsController), Array)
#2 /var/www/ocforum.my/www/forum/lib/Cake/Routing/Dispatcher.php(104): Controller->invokeAction(Object(CakeRequest))
#3 /var/www/ocforum.my/www/forum/lib/Cake/Routing/Dispatcher.php(86): Dispatcher->_invoke(Object(SettingsController), Object(CakeRequest), Object(CakeResponse))
#4 /var/www/ocforum.my/www/forum/app/webroot/index.php(96): Dispatcher->dispatch(Object(CakeRequest), Object(CakeResponse))
#5 {main}
2012-01-19 22:00:52 Error: [MissingViewException] View file "/var/www/ocforum.my/www/forum/app/Plugin/Settings/View/Permissions/admin_userspermissions.ctp" is missing.
#0 /var/www/ocforum.my/www/forum/lib/Cake/View/View.php(360): View->_getViewFileName(NULL)
#1 /var/www/ocforum.my/www/forum/lib/Cake/Controller/Controller.php(900): View->render(NULL, NULL)
#2 /var/www/ocforum.my/www/forum/lib/Cake/Routing/Dispatcher.php(111): Controller->render()
#3 /var/www/ocforum.my/www/forum/lib/Cake/Routing/Dispatcher.php(86): Dispatcher->_invoke(Object(PermissionsController), Object(CakeRequest), Object(CakeResponse))
#4 /var/www/ocforum.my/www/forum/app/webroot/index.php(96): Dispatcher->dispatch(Object(CakeRequest), Object(CakeResponse))
#5 {main}
2012-01-19 22:00:52 Error: [MissingViewException] View file "/var/www/ocforum.my/www/forum/app/Plugin/Settings/View/Permissions/admin_adminspermissions.ctp" is missing.
#0 /var/www/ocforum.my/www/forum/lib/Cake/View/View.php(360): View->_getViewFileName(NULL)
#1 /var/www/ocforum.my/www/forum/lib/Cake/Controller/Controller.php(900): View->render(NULL, NULL)
#2 /var/www/ocforum.my/www/forum/lib/Cake/Routing/Dispatcher.php(111): Controller->render()
#3 /var/www/ocforum.my/www/forum/lib/Cake/Routing/Dispatcher.php(86): Dispatcher->_invoke(Object(PermissionsController), Object(CakeRequest), Object(CakeResponse))
#4 /var/www/ocforum.my/www/forum/app/webroot/index.php(96): Dispatcher->dispatch(Object(CakeRequest), Object(CakeResponse))
#5 {main}
2012-01-19 23:08:08 Error: [MissingActionException] Action PermissionsController::admin_permissions() could not be found.
#0 /var/www/ocforum.my/www/forum/lib/Cake/Routing/Dispatcher.php(104): Controller->invokeAction(Object(CakeRequest))
#1 /var/www/ocforum.my/www/forum/lib/Cake/Routing/Dispatcher.php(86): Dispatcher->_invoke(Object(PermissionsController), Object(CakeRequest), Object(CakeResponse))
#2 /var/www/ocforum.my/www/forum/app/webroot/index.php(96): Dispatcher->dispatch(Object(CakeRequest), Object(CakeResponse))
#3 {main}
2012-01-22 20:43:05 Error: [PDOException] SQLSTATE[42000]: Syntax error or access violation: 1064 You have an error in your SQL syntax; check the manual that corresponds to your MySQL server version for the right syntax to use near '://ocforum.my/  WHERE `Setting`.`name` = 'shop_url'' at line 1
#0 /var/www/ocforum.my/www/forum/lib/Cake/Model/Datasource/DboSource.php(436): PDOStatement->execute(Array)
#1 /var/www/ocforum.my/www/forum/lib/Cake/Model/Datasource/DboSource.php(403): DboSource->_execute('UPDATE `ocforum...', Array)
#2 /var/www/ocforum.my/www/forum/lib/Cake/Model/Datasource/Database/Mysql.php(376): DboSource->execute('UPDATE `ocforum...')
#3 /var/www/ocforum.my/www/forum/lib/Cake/Model/Model.php(2221): Mysql->update(Object(Setting), Array, NULL, Array)
#4 /var/www/ocforum.my/www/forum/app/Plugin/Settings/Controller/Component/SettingsComponent.php(20): Model->updateAll(Array, Array)
#5 /var/www/ocforum.my/www/forum/app/Plugin/Settings/Controller/SettingsController.php(23): SettingsComponent->updateAll(Array)
#6 [internal function]: SettingsController->general()
#7 /var/www/ocforum.my/www/forum/lib/Cake/Controller/Controller.php(473): ReflectionMethod->invokeArgs(Object(SettingsController), Array)
#8 /var/www/ocforum.my/www/forum/lib/Cake/Routing/Dispatcher.php(104): Controller->invokeAction(Object(CakeRequest))
#9 /var/www/ocforum.my/www/forum/lib/Cake/Routing/Dispatcher.php(86): Dispatcher->_invoke(Object(SettingsController), Object(CakeRequest), Object(CakeResponse))
#10 /var/www/ocforum.my/www/forum/app/webroot/index.php(96): Dispatcher->dispatch(Object(CakeRequest), Object(CakeResponse))
#11 {main}
2012-01-22 20:53:09 Error: [PDOException] SQLSTATE[42000]: Syntax error or access violation: 1064 You have an error in your SQL syntax; check the manual that corresponds to your MySQL server version for the right syntax to use near 'routes";a:3:{s:11:"canviewmain";a:3:{s:6:"plugin";s:11:"discussions";s:10:"contr' at line 1
#0 /var/www/ocforum.my/www/forum/lib/Cake/Model/Datasource/DboSource.php(436): PDOStatement->execute(Array)
#1 /var/www/ocforum.my/www/forum/lib/Cake/Model/Datasource/DboSource.php(403): DboSource->_execute('UPDATE `ocforum...', Array)
#2 /var/www/ocforum.my/www/forum/lib/Cake/Model/Datasource/Database/Mysql.php(376): DboSource->execute('UPDATE `ocforum...')
#3 /var/www/ocforum.my/www/forum/lib/Cake/Model/Model.php(2221): Mysql->update(Object(Setting), Array, NULL, Array)
#4 /var/www/ocforum.my/www/forum/app/Plugin/Settings/Controller/Component/SettingsComponent.php(19): Model->updateAll(Array, Array)
#5 /var/www/ocforum.my/www/forum/app/Plugin/Settings/Controller/PermissionsController.php(62): SettingsComponent->update('guests_permissi...', 'a:1:{s:6:"route...')
#6 [internal function]: PermissionsController->admin_permissions()
#7 /var/www/ocforum.my/www/forum/lib/Cake/Controller/Controller.php(473): ReflectionMethod->invokeArgs(Object(PermissionsController), Array)
#8 /var/www/ocforum.my/www/forum/lib/Cake/Routing/Dispatcher.php(104): Controller->invokeAction(Object(CakeRequest))
#9 /var/www/ocforum.my/www/forum/lib/Cake/Routing/Dispatcher.php(86): Dispatcher->_invoke(Object(PermissionsController), Object(CakeRequest), Object(CakeResponse))
#10 /var/www/ocforum.my/www/forum/app/webroot/index.php(96): Dispatcher->dispatch(Object(CakeRequest), Object(CakeResponse))
#11 {main}
2012-01-22 20:54:47 Error: [PDOException] SQLSTATE[42000]: Syntax error or access violation: 1064 You have an error in your SQL syntax; check the manual that corresponds to your MySQL server version for the right syntax to use near 'routes";a:3:{s:11:"canviewmain";a:3:{s:6:"plugin";s:11:"discussions";s:10:"contr' at line 1
#0 /var/www/ocforum.my/www/forum/lib/Cake/Model/Datasource/DboSource.php(436): PDOStatement->execute(Array)
#1 /var/www/ocforum.my/www/forum/lib/Cake/Model/Datasource/DboSource.php(403): DboSource->_execute('UPDATE `ocforum...', Array)
#2 /var/www/ocforum.my/www/forum/lib/Cake/Model/Datasource/Database/Mysql.php(376): DboSource->execute('UPDATE `ocforum...')
#3 /var/www/ocforum.my/www/forum/lib/Cake/Model/Model.php(2221): Mysql->update(Object(Setting), Array, NULL, Array)
#4 /var/www/ocforum.my/www/forum/app/Plugin/Settings/Controller/Component/SettingsComponent.php(19): Model->updateAll(Array, Array)
#5 /var/www/ocforum.my/www/forum/app/Plugin/Settings/Controller/PermissionsController.php(62): SettingsComponent->update('guests_permissi...', 'a:1:{s:6:"route...')
#6 [internal function]: PermissionsController->admin_permissions()
#7 /var/www/ocforum.my/www/forum/lib/Cake/Controller/Controller.php(473): ReflectionMethod->invokeArgs(Object(PermissionsController), Array)
#8 /var/www/ocforum.my/www/forum/lib/Cake/Routing/Dispatcher.php(104): Controller->invokeAction(Object(CakeRequest))
#9 /var/www/ocforum.my/www/forum/lib/Cake/Routing/Dispatcher.php(86): Dispatcher->_invoke(Object(PermissionsController), Object(CakeRequest), Object(CakeResponse))
#10 /var/www/ocforum.my/www/forum/app/webroot/index.php(96): Dispatcher->dispatch(Object(CakeRequest), Object(CakeResponse))
#11 {main}
